
> mobile-service-backend@1.0.0 start
> node server.js

Server running on port 5000
MongooseServerSelectionError: Could not connect to any servers in your MongoDB Atlas cluster. One common reason is that you're trying to access the database from an IP that isn't whitelisted. Make sure your current IP address is on your Atlas cluster's IP whitelist: https://www.mongodb.com/docs/atlas/security-whitelist/
    at _handleConnectionErrors (D:\nodejs\mobileserviceproject - Copy\mobile-service-backend\node_modules\mongoose\lib\connection.js:1169:11)
    at NativeConnection.openUri (D:\nodejs\mobileserviceproject - Copy\mobile-service-backend\node_modules\mongoose\lib\connection.js:1100:11)
    at async connectDB (D:\nodejs\mobileserviceproject - Copy\mobile-service-backend\config\db.js:9:5) {
  errorLabelSet: Set(0) {},
  reason: TopologyDescription {
    type: 'ReplicaSetNoPrimary',
    servers: Map(3) {
      'ac-8jvnt-shard-00-00.zef1fta.mongodb.net:27017' => [ServerDescription],
      'ac-8jvnt-shard-00-01.zef1fta.mongodb.net:27017' => [ServerDescription],
      'ac-8jvnt-shard-00-02.zef1fta.mongodb.net:27017' => [ServerDescription]
    },
    stale: false,
    compatible: true,
    heartbeatFrequencyMS: 10000,
    localThresholdMS: 15,
    setName: 'atlas-xxxxx-shard-0',
    maxElectionId: null,
    maxSetVersion: null,
    commonWireVersion: 0,
    logicalSessionTimeoutMinutes: null
  },
  code: undefined,
  cause: TopologyDescription {
    type: 'ReplicaSetNoPrimary',
    servers: Map(3) {
      'ac-8jvnt-shard-00-00.zef1fta.mongodb.net:27017' => [ServerDescription],
      'ac-8jvnt-shard-00-01.zef1fta.mongodb.net:27017' => [ServerDescription],
      'ac-8jvnt-shard-00-02.zef1fta.mongodb.net:27017' => [ServerDescription]
    },
    stale: false,
    compatible: true,
    heartbeatFrequencyMS: 10000,
    localThresholdMS: 15,
    setName: 'atlas-xxxxx-shard-0',
    maxElectionId: null,
    maxSetVersion: null,
    commonWireVersion: 0,
    logicalSessionTimeoutMinutes: null
  }
}
D:\nodejs\mobileserviceproject - Copy\mobile-service-backend\node_modules\mongoose\lib\drivers\node-mongodb-native\collection.js:131
            const err = new MongooseError(message);
                        ^

MongooseError: Operation `users.findOne()` buffering timed out after 10000ms
    at Timeout._onTimeout (D:\nodejs\mobileserviceproject - Copy\mobile-service-backend\node_modules\mongoose\lib\drivers\node-mongodb-native\collection.js:131:25)
    at listOnTimeout (node:internal/timers:605:17)
    at process.processTimers (node:internal/timers:541:7)

Node.js v24.13.0
